[05:30:11] [ServerMain/INFO]: Environment: Environment[sessionHost=https://sessionserver.mojang.com, servicesHost=https://api.minecraftservices.com, name=PROD]
[05:30:14] [ServerMain/INFO]: Loaded 1407 recipes
[05:30:14] [ServerMain/INFO]: Loaded 1520 advancements
[05:30:14] [Server thread/INFO]: Starting minecraft server version 1.21.7
[05:30:14] [Server thread/INFO]: Loading properties
[05:30:14] [Server thread/INFO]: Default game type: SURVIVAL
[05:30:14] [Server thread/INFO]: Generating keypair
[05:30:14] [Server thread/INFO]: Starting Minecraft server on *:25565
[05:30:15] [Server thread/INFO]: Using epoll channel type
[05:30:15] [Server thread/WARN]: **** SERVER IS RUNNING IN OFFLINE/INSECURE MODE!
[05:30:15] [Server thread/WARN]: The server will make no attempt to authenticate usernames. Beware.
[05:30:15] [Server thread/WARN]: While this makes the game possible to play without internet access, it also opens up the ability for hackers to connect with any username they choose.
[05:30:15] [Server thread/WARN]: To change this, set "online-mode" to "true" in the server.properties file.
[05:30:15] [Server thread/INFO]: Preparing level "world"
[05:30:15] [Server thread/INFO]: Preparing start region for dimension minecraft:overworld
[05:30:24] [Worker-Main-1/INFO]: Preparing spawn area: 0%
[05:30:24] [Worker-Main-1/INFO]: Preparing spawn area: 0%
[05:30:24] [Worker-Main-1/INFO]: Preparing spawn area: 0%
[05:30:24] [Worker-Main-1/INFO]: Preparing spawn area: 0%
[05:30:24] [Worker-Main-1/INFO]: Preparing spawn area: 0%
[05:30:24] [Worker-Main-1/INFO]: Preparing spawn area: 0%
[05:30:24] [Worker-Main-1/INFO]: Preparing spawn area: 0%
[05:30:24] [Worker-Main-1/INFO]: Preparing spawn area: 0%
[05:30:24] [Worker-Main-1/INFO]: Preparing spawn area: 0%
[05:30:24] [Worker-Main-1/INFO]: Preparing spawn area: 0%
[05:30:24] [Worker-Main-1/INFO]: Preparing spawn area: 0%
[05:30:24] [Worker-Main-1/INFO]: Preparing spawn area: 0%
[05:30:24] [Worker-Main-1/INFO]: Preparing spawn area: 0%
[05:30:24] [Worker-Main-1/INFO]: Preparing spawn area: 0%
[05:30:24] [Worker-Main-1/INFO]: Preparing spawn area: 0%
[05:30:24] [Worker-Main-1/INFO]: Preparing spawn area: 0%
[05:30:24] [Worker-Main-1/INFO]: Preparing spawn area: 0%
[05:30:24] [Worker-Main-1/INFO]: Preparing spawn area: 0%
[05:30:24] [Worker-Main-1/INFO]: Preparing spawn area: 24%
[05:30:24] [Server thread/INFO]: Time elapsed: 9079 ms
[05:30:24] [Server thread/INFO]: Done (9.507s)! For help, type "help"
[05:31:24] [Server thread/INFO]: Server empty for 60 seconds, pausing
[05:33:55] [Server thread/INFO]: josephCMP[/127.152.39.3:43759] logged in with entity id 68 at (-8.601703429758933, 105.0, 80.69999998807907)
[05:33:55] [Server thread/INFO]: josephCMP joined the game
[05:38:09] [Server thread/INFO]: Made josephCMP a server operator
[05:38:25] [Server thread/INFO]: [josephCMP: Gamerule keepInventory is now set to: true]
[05:38:33] [Server thread/INFO]: [josephCMP: Set the time to 1000]
